< C:\DevBin\20230423_Program\CopyDevBinToDevOld\Claes20200001
> C:\home\GitHub\StoreE\DevOld\CopyDevBinToDevOld\Claes20200001
< C:\DevBin\20230423_Program\CopyDevBinToDevOld\doc
> C:\home\GitHub\StoreE\DevOld\CopyDevBinToDevOld\doc
< C:\DevBin\20230423_Program\CopyDevBinToDevOld\out
T C:\home\GitHub\StoreE\DevOld\CopyDevBinToDevOld\out
< C:\DevBin\20230423_Program\CopyDevGameGameJSToStoreP\Claes20200001
> C:\home\GitHub\StoreE\DevOld\CopyDevGameGameJSToStoreP\Claes20200001
< C:\DevBin\20230423_Program\CopyDevGameGameJSToStoreP\doc
> C:\home\GitHub\StoreE\DevOld\CopyDevGameGameJSToStoreP\doc
< C:\DevBin\20230423_Program\CopyDevGameGameJSToStoreP\out
T C:\home\GitHub\StoreE\DevOld\CopyDevGameGameJSToStoreP\out
< C:\DevBin\20230423_Program\GitHubDownloadFilter\Claes20200001
> C:\home\GitHub\StoreE\DevOld\GitHubDownloadFilter\Claes20200001
< C:\DevBin\20230423_Program\GitHubDownloadFilter\doc
> C:\home\GitHub\StoreE\DevOld\GitHubDownloadFilter\doc
< C:\DevBin\20230423_Program\GitHubDownloadFilter\out
T C:\home\GitHub\StoreE\DevOld\GitHubDownloadFilter\out
< C:\DevBin\20230423_Program\GitHubRepositoryFilter\Claes20200001
> C:\home\GitHub\StoreE\DevOld\GitHubRepositoryFilter\Claes20200001
< C:\DevBin\20230423_Program\GitHubRepositoryFilter\doc
> C:\home\GitHub\StoreE\DevOld\GitHubRepositoryFilter\doc
< C:\DevBin\20230423_Program\GitHubRepositoryFilter\out
T C:\home\GitHub\StoreE\DevOld\GitHubRepositoryFilter\out
< C:\DevBin\20230426_Program\MakeCryptoRand\Silvia20200001
> C:\home\GitHub\StoreE\DevOld\MakeCryptoRand\Silvia20200001
< C:\DevBin\20230426_Program\MakeCryptoRand\doc
> C:\home\GitHub\StoreE\DevOld\MakeCryptoRand\doc
< C:\DevBin\20230426_Program\MakeCryptoRand\out
T C:\home\GitHub\StoreE\DevOld\MakeCryptoRand\out
< C:\DevBin\20230426_Program\MakeID512\Silvia20200001
> C:\home\GitHub\StoreE\DevOld\MakeID512\Silvia20200001
< C:\DevBin\20230426_Program\MakeID512\doc
> C:\home\GitHub\StoreE\DevOld\MakeID512\doc
< C:\DevBin\20230426_Program\MakeID512\out
T C:\home\GitHub\StoreE\DevOld\MakeID512\out
< C:\DevBin\20230426_Program\MakePassword\Silvia20200001
> C:\home\GitHub\StoreE\DevOld\MakePassword\Silvia20200001
< C:\DevBin\20230426_Program\MakePassword\doc
> C:\home\GitHub\StoreE\DevOld\MakePassword\doc
< C:\DevBin\20230426_Program\MakePassword\out
T C:\home\GitHub\StoreE\DevOld\MakePassword\out
